INFO:root:Time begun: Wed Jul  9 14:25:07 2025
INFO:root:Final numbered body is: 772999
INFO:root:MPC Body 1 Ceres
INFO:root:<No columns>
INFO:root:No occultation found for 1
INFO:root:MPC Body 2 Pallas
INFO:root:<No columns>
INFO:root:No occultation found for 2
INFO:root:MPC Body 3 Juno
INFO:root:<No columns>
INFO:root:No occultation found for 3
INFO:root:MPC Body 4 Vesta
INFO:root:<No columns>
INFO:root:No occultation found for 4
INFO:root:MPC Body 5 Astraea
INFO:root:<No columns>
INFO:root:No occultation found for 5
INFO:root:MPC Body 6 Hebe
INFO:root:<No columns>
INFO:root:No occultation found for 6
INFO:root:MPC Body 7 Iris
INFO:root:<No columns>
INFO:root:No occultation found for 7
INFO:root:MPC Body 8 Flora
INFO:root:<No columns>
INFO:root:No occultation found for 8
INFO:root:MPC Body 9 Metis
INFO:root:<No columns>
INFO:root:No occultation found for 9
INFO:root:MPC Body 10 Hygiea
INFO:root:<No columns>
INFO:root:No occultation found for 10
INFO:root:MPC Body 11 Parthenope
INFO:root:<No columns>
INFO:root:No occultation found for 11
INFO:root:MPC Body 12 Victoria
INFO:root:<No columns>
INFO:root:No occultation found for 12
INFO:root:MPC Body 13 Egeria
INFO:root:<No columns>
INFO:root:No occultation found for 13
INFO:root:MPC Body 14 Irene
INFO:root:<No columns>
INFO:root:No occultation found for 14
INFO:root:MPC Body 15 Eunomia
INFO:root:<No columns>
INFO:root:No occultation found for 15
